# JRE version: OpenJDK Runtime Environment (11.0.15) (build 11.0.15+0-b2043.56-9505619)
# Java VM: OpenJDK 64-Bit Server VM (11.0.15+0-b2043.56-9505619, mixed mode, tiered, compressed oops, g1 gc, windows-amd64)
Heap:
 garbage-first heap   total 335872K, used 133995K [0x0000000080000000, 0x0000000100000000)
  region size 1024K, 2 young (2048K), 2 survivors (2048K)
 Metaspace       used 106348K, capacity 109083K, committed 109340K, reserved 1144832K
  class space    used 13835K, capacity 14903K, committed 14956K, reserved 1048576K
GC Heap History (20 events):
Event: 30.500 GC heap after
{Heap after GC invocations=52 (full 0):
 garbage-first heap   total 143360K, used 90152K [0x0000000080000000, 0x0000000100000000)
  region size 1024K, 4 young (4096K), 4 survivors (4096K)
 Metaspace       used 88098K, capacity 90646K, committed 90908K, reserved 1128448K
  class space    used 11560K, capacity 12535K, committed 12652K, reserved 1048576K
}
Event: 31.204 GC heap before
{Heap before GC invocations=53 (full 0):
 garbage-first heap   total 143360K, used 117800K [0x0000000080000000, 0x0000000100000000)
  region size 1024K, 32 young (32768K), 4 survivors (4096K)
 Metaspace       used 90055K, capacity 92404K, committed 92828K, reserved 1130496K
  class space    used 11712K, capacity 12621K, committed 12780K, reserved 1048576K
}
Event: 31.215 GC heap after
{Heap after GC invocations=54 (full 0):
 garbage-first heap   total 172032K, used 90709K [0x0000000080000000, 0x0000000100000000)
  region size 1024K, 1 young (1024K), 1 survivors (1024K)
 Metaspace       used 90055K, capacity 92404K, committed 92828K, reserved 1130496K
  class space    used 11712K, capacity 12621K, committed 12780K, reserved 1048576K
}
Event: 32.229 GC heap before
{Heap before GC invocations=54 (full 0):
 garbage-first heap   total 172032K, used 131669K [0x0000000080000000, 0x0000000100000000)
  region size 1024K, 41 young (41984K), 1 survivors (1024K)
 Metaspace       used 92658K, capacity 95042K, committed 95516K, reserved 1132544K
  class space    used 12027K, capacity 12965K, committed 13164K, reserved 1048576K
}
Event: 32.242 GC heap after
{Heap after GC invocations=55 (full 0):
 garbage-first heap   total 172032K, used 93240K [0x0000000080000000, 0x0000000100000000)
  region size 1024K, 4 young (4096K), 4 survivors (4096K)
 Metaspace       used 92658K, capacity 95042K, committed 95516K, reserved 1132544K
  class space    used 12027K, capacity 12965K, committed 13164K, reserved 1048576K
}
Event: 32.929 GC heap before
{Heap before GC invocations=56 (full 0):
 garbage-first heap   total 172032K, used 132152K [0x0000000080000000, 0x0000000100000000)
  region size 1024K, 43 young (44032K), 4 survivors (4096K)
 Metaspace       used 94323K, capacity 96748K, committed 97180K, reserved 1132544K
  class space    used 12202K, capacity 13135K, committed 13292K, reserved 1048576K
}
Event: 32.936 GC heap after
{Heap after GC invocations=57 (full 0):
 garbage-first heap   total 172032K, used 95205K [0x0000000080000000, 0x0000000100000000)
  region size 1024K, 5 young (5120K), 5 survivors (5120K)
 Metaspace       used 94323K, capacity 96748K, committed 97180K, reserved 1132544K
  class space    used 12202K, capacity 13135K, committed 13292K, reserved 1048576K
}
Event: 33.139 GC heap before
{Heap before GC invocations=57 (full 0):
 garbage-first heap   total 172032K, used 106469K [0x0000000080000000, 0x0000000100000000)
  region size 1024K, 18 young (18432K), 5 survivors (5120K)
 Metaspace       used 94808K, capacity 97284K, committed 97820K, reserved 1134592K
  class space    used 12271K, capacity 13207K, committed 13420K, reserved 1048576K
}
Event: 33.149 GC heap after
{Heap after GC invocations=58 (full 0):
 garbage-first heap   total 172032K, used 97687K [0x0000000080000000, 0x0000000100000000)
  region size 1024K, 5 young (5120K), 5 survivors (5120K)
 Metaspace       used 94808K, capacity 97284K, committed 97820K, reserved 1134592K
  class space    used 12271K, capacity 13207K, committed 13420K, reserved 1048576K
}
Event: 33.755 GC heap before
{Heap before GC invocations=59 (full 0):
 garbage-first heap   total 172032K, used 135575K [0x0000000080000000, 0x0000000100000000)
  region size 1024K, 41 young (41984K), 5 survivors (5120K)
 Metaspace       used 97989K, capacity 100454K, committed 100764K, reserved 1136640K
  class space    used 12690K, capacity 13649K, committed 13804K, reserved 1048576K
}
Event: 33.767 GC heap after
{Heap after GC invocations=60 (full 0):
 garbage-first heap   total 172032K, used 103708K [0x0000000080000000, 0x0000000100000000)
  region size 1024K, 6 young (6144K), 6 survivors (6144K)
 Metaspace       used 97989K, capacity 100454K, committed 100764K, reserved 1136640K
  class space    used 12690K, capacity 13649K, committed 13804K, reserved 1048576K
}
Event: 34.089 GC heap before
{Heap before GC invocations=60 (full 0):
 garbage-first heap   total 172032K, used 136476K [0x0000000080000000, 0x0000000100000000)
  region size 1024K, 39 young (39936K), 6 survivors (6144K)
 Metaspace       used 98172K, capacity 100654K, committed 101020K, reserved 1136640K
  class space    used 12691K, capacity 13649K, committed 13804K, reserved 1048576K
}
Event: 34.139 GC heap after
{Heap after GC invocations=61 (full 0):
 garbage-first heap   total 206848K, used 108524K [0x0000000080000000, 0x0000000100000000)
  region size 1024K, 5 young (5120K), 5 survivors (5120K)
 Metaspace       used 98172K, capacity 100654K, committed 101020K, reserved 1136640K
  class space    used 12691K, capacity 13649K, committed 13804K, reserved 1048576K
}
Event: 35.292 GC heap before
{Heap before GC invocations=62 (full 0):
 garbage-first heap   total 206848K, used 153580K [0x0000000080000000, 0x0000000100000000)
  region size 1024K, 49 young (50176K), 5 survivors (5120K)
 Metaspace       used 101852K, capacity 104442K, committed 104604K, reserved 1140736K
  class space    used 13200K, capacity 14203K, committed 14316K, reserved 1048576K
}
Event: 35.319 GC heap after
{Heap after GC invocations=63 (full 0):
 garbage-first heap   total 206848K, used 115728K [0x0000000080000000, 0x0000000100000000)
  region size 1024K, 7 young (7168K), 7 survivors (7168K)
 Metaspace       used 101852K, capacity 104442K, committed 104604K, reserved 1140736K
  class space    used 13200K, capacity 14203K, committed 14316K, reserved 1048576K
}
Event: 35.640 GC heap before
{Heap before GC invocations=63 (full 0):
 garbage-first heap   total 206848K, used 158736K [0x0000000080000000, 0x0000000100000000)
  region size 1024K, 49 young (50176K), 7 survivors (7168K)
 Metaspace       used 101887K, capacity 104481K, committed 104604K, reserved 1140736K
  class space    used 13203K, capacity 14235K, committed 14316K, reserved 1048576K
}
Event: 35.707 GC heap after
{Heap after GC invocations=64 (full 0):
 garbage-first heap   total 206848K, used 123331K [0x0000000080000000, 0x0000000100000000)
  region size 1024K, 7 young (7168K), 7 survivors (7168K)
 Metaspace       used 101887K, capacity 104481K, committed 104604K, reserved 1140736K
  class space    used 13203K, capacity 14235K, committed 14316K, reserved 1048576K
}
Event: 36.387 GC heap before
{Heap before GC invocations=64 (full 0):
 garbage-first heap   total 206848K, used 163267K [0x0000000080000000, 0x0000000100000000)
  region size 1024K, 46 young (47104K), 7 survivors (7168K)
 Metaspace       used 102101K, capacity 104682K, committed 104860K, reserved 1140736K
  class space    used 13233K, capacity 14238K, committed 14316K, reserved 1048576K
}
Event: 36.408 GC heap after
{Heap after GC invocations=65 (full 0):
 garbage-first heap   total 206848K, used 131853K [0x0000000080000000, 0x0000000100000000)
  region size 1024K, 6 young (6144K), 6 survivors (6144K)
 Metaspace       used 102101K, capacity 104682K, committed 104860K, reserved 1140736K
  class space    used 13233K, capacity 14238K, committed 14316K, reserved 1048576K
}
Event: 37.887 GC heap before
{Heap before GC invocations=66 (full 0):
 garbage-first heap   total 206848K, used 167693K [0x0000000080000000, 0x0000000100000000)
  region size 1024K, 41 young (41984K), 6 survivors (6144K)
 Metaspace       used 106348K, capacity 109083K, committed 109340K, reserved 1144832K
  class space    used 13835K, capacity 14903K, committed 14956K, reserved 1048576K
}

